<?xml version="1.0" encoding="UTF-8" ?>
<testsuite errors="0" failures="0" hostname="juliana-desktop" name="br.com.fieo.gouttesdeluxe.unit.model.PerfumeTest" tests="6" time="0.213" timestamp="2011-09-19T01:41:31">
  <properties>
[...]
</properties>
  <testcase classname="br.com.fieo.gouttesdeluxe.unit.model.PerfumeTest" name="testGetImage" time="0.014" />
  <testcase classname="br.com.fieo.gouttesdeluxe.unit.model.PerfumeTest" name="testSetImage" time="0.001" />
  <testcase classname="br.com.fieo.gouttesdeluxe.unit.model.PerfumeTest" name="testGetName" time="0.001" />
  <testcase classname="br.com.fieo.gouttesdeluxe.unit.model.PerfumeTest" name="testSetName" time="0.043" />
  <testcase classname="br.com.fieo.gouttesdeluxe.unit.model.PerfumeTest" name="testGetValue" time="0.002" />
  <testcase classname="br.com.fieo.gouttesdeluxe.unit.model.PerfumeTest" name="testSetValue" time="0.002" />
  <system-out><![CDATA[Adicionando um nome vazio a classe Perfume
Adicionando um nome com mais de 100 caracteres a classe Perfume
Adicionando um valor a classe Perfume
]]></system-out>
  <system-err><![CDATA[Sep 18, 2011 10:41:32 PM br.com.fieo.gouttesdeluxe.model.Perfume setName
WARNING: java.lang.Exception: nome vazio
Sep 18, 2011 10:41:32 PM br.com.fieo.gouttesdeluxe.model.Perfume setName
SEVERE: FODEU
Sep 18, 2011 10:41:32 PM br.com.fieo.gouttesdeluxe.model.Perfume setName
WARNING: java.lang.Exception: nome maior que 100 caracteres
Sep 18, 2011 10:41:32 PM br.com.fieo.gouttesdeluxe.model.Perfume setName
SEVERE: FODEU
]]></system-err>
</testsuite>
